<?xml version="1.0" encoding="UTF-8"?>
<!-- Generated by org.testng.reporters.JUnitReportReporter -->
<testsuite hostname="DESKTOP-DMDANRF" failures="0" tests="1" name="Demo.A1" time="0.011" errors="0" timestamp="2023-03-06T12:08:09 IST" skipped="0">
  <testcase classname="Demo.A1" name="m1" time="0.011"/>
  <system-out/>
</testsuite> <!-- Demo.A1 -->
