<?xml version="1.0" encoding="UTF-8"?>
<!-- Generated by org.testng.reporters.JUnitReportReporter -->
<testsuite hostname="DESKTOP-DMDANRF" failures="0" tests="2" name="Demo.A2" time="0.107" errors="0" timestamp="2023-03-06T12:25:19 IST" skipped="0">
  <testcase classname="Demo.A2" name="m3" time="0.025"/>
  <system-out/>
  <testcase classname="Demo.A2" name="m2" time="0.082"/>
  <system-out/>
</testsuite> <!-- Demo.A2 -->
